{"C:\\Users\\ahmad\\OneDrive\\Desktop\\football-player-dashboard\\src\\components\\player-detail\\TransferHistory.tsx": {"path":"C:\\Users\\ahmad\\OneDrive\\Desktop\\football-player-dashboard\\src\\components\\player-detail\\TransferHistory.tsx","statementMap":{"0":{"start":{"line":104,"column":0},"end":{"line":104,"column":16}},"1":{"start":{"line":1,"column":0},"end":{"line":1,"column":31}},"2":{"start":{"line":2,"column":0},"end":{"line":2,"column":57}},"3":{"start":{"line":3,"column":0},"end":{"line":3,"column":79}},"4":{"start":{"line":4,"column":0},"end":{"line":4,"column":45}},"5":{"start":{"line":5,"column":0},"end":{"line":5,"column":null}},"6":{"start":{"line":12,"column":0},"end":{"line":12,"column":54}},"7":{"start":{"line":13,"column":0},"end":{"line":13,"column":32}},"8":{"start":{"line":15,"column":0},"end":{"line":15,"column":null}},"9":{"start":{"line":38,"column":2},"end":{"line":61,"column":null}},"10":{"start":{"line":65,"column":32},"end":{"line":65,"column":67}},"11":{"start":{"line":67,"column":2},"end":{"line":101,"column":null}},"12":{"start":{"line":112,"column":26},"end":{"line":114,"column":null}},"13":{"start":{"line":113,"column":10},"end":{"line":113,"column":40}},"14":{"start":{"line":117,"column":2},"end":{"line":119,"column":3}},"15":{"start":{"line":118,"column":4},"end":{"line":118,"column":null}},"16":{"start":{"line":121,"column":2},"end":{"line":129,"column":3}},"17":{"start":{"line":122,"column":4},"end":{"line":128,"column":null}},"18":{"start":{"line":131,"column":2},"end":{"line":139,"column":3}},"19":{"start":{"line":132,"column":4},"end":{"line":138,"column":null}},"20":{"start":{"line":141,"column":2},"end":{"line":153,"column":null}},"21":{"start":{"line":147,"column":8},"end":{"line":148,"column":null}}},"fnMap":{"0":{"name":"TeamBadge","decl":{"start":{"line":31,"column":9},"end":{"line":31,"column":18}},"loc":{"start":{"line":37,"column":1},"end":{"line":62,"column":1}}},"1":{"name":"TransferCard","decl":{"start":{"line":64,"column":9},"end":{"line":64,"column":21}},"loc":{"start":{"line":64,"column":64},"end":{"line":102,"column":1}}},"2":{"name":"TransferHistory","decl":{"start":{"line":104,"column":16},"end":{"line":104,"column":31}},"loc":{"start":{"line":111,"column":23},"end":{"line":154,"column":1}}},"3":{"name":"(anonymous_3)","decl":{"start":{"line":113,"column":4},"end":{"line":113,"column":7}},"loc":{"start":{"line":113,"column":10},"end":{"line":113,"column":40}}},"4":{"name":"(anonymous_4)","decl":{"start":{"line":146,"column":27},"end":{"line":146,"column":28}},"loc":{"start":{"line":147,"column":8},"end":{"line":148,"column":null}}}},"branchMap":{"0":{"loc":{"start":{"line":43,"column":7},"end":{"line":57,"column":null}},"type":"cond-expr","locations":[{"start":{"line":44,"column":8},"end":{"line":49,"column":null}},{"start":{"line":52,"column":8},"end":{"line":56,"column":null}}]},"1":{"loc":{"start":{"line":93,"column":9},"end":{"line":98,"column":16}},"type":"cond-expr","locations":[{"start":{"line":94,"column":10},"end":{"line":96,"column":null}},{"start":{"line":98,"column":12},"end":{"line":98,"column":16}}]},"2":{"loc":{"start":{"line":106,"column":2},"end":{"line":106,"column":19}},"type":"default-arg","locations":[{"start":{"line":106,"column":14},"end":{"line":106,"column":19}}]},"3":{"loc":{"start":{"line":107,"column":2},"end":{"line":107,"column":17}},"type":"default-arg","locations":[{"start":{"line":107,"column":12},"end":{"line":107,"column":17}}]},"4":{"loc":{"start":{"line":108,"column":2},"end":{"line":108,"column":21}},"type":"default-arg","locations":[{"start":{"line":108,"column":17},"end":{"line":108,"column":21}}]},"5":{"loc":{"start":{"line":110,"column":2},"end":{"line":110,"column":20}},"type":"default-arg","locations":[{"start":{"line":110,"column":15},"end":{"line":110,"column":20}}]},"6":{"loc":{"start":{"line":117,"column":2},"end":{"line":119,"column":3}},"type":"if","locations":[{"start":{"line":117,"column":2},"end":{"line":119,"column":3}},{"start":{},"end":{}}]},"7":{"loc":{"start":{"line":121,"column":2},"end":{"line":129,"column":3}},"type":"if","locations":[{"start":{"line":121,"column":2},"end":{"line":129,"column":3}},{"start":{},"end":{}}]},"8":{"loc":{"start":{"line":124,"column":17},"end":{"line":124,"column":67}},"type":"binary-expr","locations":[{"start":{"line":124,"column":17},"end":{"line":124,"column":29}},{"start":{"line":124,"column":33},"end":{"line":124,"column":67}}]},"9":{"loc":{"start":{"line":131,"column":2},"end":{"line":139,"column":3}},"type":"if","locations":[{"start":{"line":131,"column":2},"end":{"line":139,"column":3}},{"start":{},"end":{}}]},"10":{"loc":{"start":{"line":148,"column":18},"end":{"line":148,"column":44}},"type":"binary-expr","locations":[{"start":{"line":148,"column":18},"end":{"line":148,"column":31}},{"start":{"line":148,"column":35},"end":{"line":148,"column":44}}]}},"s":{"0":1,"1":1,"2":1,"3":1,"4":1,"5":1,"6":1,"7":1,"8":1,"9":4,"10":2,"11":2,"12":5,"13":5,"14":5,"15":1,"16":4,"17":2,"18":2,"19":1,"20":1,"21":2},"f":{"0":4,"1":2,"2":5,"3":5,"4":2},"b":{"0":[3,1],"1":[1,1],"2":[4],"3":[3],"4":[4],"5":[5],"6":[1,4],"7":[2,2],"8":[2,1],"9":[1,1],"10":[2,0]}}
}
