{"C:\\Users\\ahmad\\OneDrive\\Desktop\\football-player-dashboard\\src\\utils\\transfer.ts": {"path":"C:\\Users\\ahmad\\OneDrive\\Desktop\\football-player-dashboard\\src\\utils\\transfer.ts","statementMap":{"0":{"start":{"line":31,"column":0},"end":{"line":31,"column":16}},"1":{"start":{"line":135,"column":0},"end":{"line":135,"column":16}},"2":{"start":{"line":171,"column":0},"end":{"line":171,"column":16}},"3":{"start":{"line":185,"column":0},"end":{"line":185,"column":16}},"4":{"start":{"line":193,"column":0},"end":{"line":193,"column":16}},"5":{"start":{"line":211,"column":0},"end":{"line":211,"column":16}},"6":{"start":{"line":224,"column":0},"end":{"line":224,"column":16}},"7":{"start":{"line":235,"column":0},"end":{"line":235,"column":16}},"8":{"start":{"line":263,"column":0},"end":{"line":263,"column":16}},"9":{"start":{"line":1,"column":0},"end":{"line":1,"column":53}},"10":{"start":{"line":23,"column":2},"end":{"line":23,"column":null}},"11":{"start":{"line":23,"column":13},"end":{"line":23,"column":null}},"12":{"start":{"line":25,"column":17},"end":{"line":25,"column":31}},"13":{"start":{"line":26,"column":2},"end":{"line":26,"column":null}},"14":{"start":{"line":26,"column":38},"end":{"line":26,"column":null}},"15":{"start":{"line":28,"column":2},"end":{"line":28,"column":null}},"16":{"start":{"line":32,"column":15},"end":{"line":32,"column":61}},"17":{"start":{"line":34,"column":2},"end":{"line":36,"column":3}},"18":{"start":{"line":35,"column":4},"end":{"line":35,"column":null}},"19":{"start":{"line":38,"column":17},"end":{"line":38,"column":38}},"20":{"start":{"line":40,"column":2},"end":{"line":42,"column":3}},"21":{"start":{"line":41,"column":4},"end":{"line":41,"column":null}},"22":{"start":{"line":44,"column":16},"end":{"line":44,"column":39}},"23":{"start":{"line":45,"column":26},"end":{"line":45,"column":37}},"24":{"start":{"line":47,"column":2},"end":{"line":49,"column":3}},"25":{"start":{"line":48,"column":4},"end":{"line":48,"column":null}},"26":{"start":{"line":51,"column":2},"end":{"line":51,"column":null}},"27":{"start":{"line":55,"column":18},"end":{"line":55,"column":35}},"28":{"start":{"line":57,"column":2},"end":{"line":60,"column":3}},"29":{"start":{"line":58,"column":4},"end":{"line":58,"column":null}},"30":{"start":{"line":59,"column":4},"end":{"line":59,"column":null}},"31":{"start":{"line":62,"column":2},"end":{"line":62,"column":null}},"32":{"start":{"line":68,"column":26},"end":{"line":68,"column":63}},"33":{"start":{"line":69,"column":14},"end":{"line":69,"column":24}},"34":{"start":{"line":70,"column":21},"end":{"line":70,"column":80}},"35":{"start":{"line":72,"column":2},"end":{"line":99,"column":3}},"36":{"start":{"line":72,"column":19},"end":{"line":72,"column":20}},"37":{"start":{"line":73,"column":21},"end":{"line":73,"column":43}},"38":{"start":{"line":74,"column":22},"end":{"line":74,"column":59}},"39":{"start":{"line":75,"column":4},"end":{"line":75,"column":36}},"40":{"start":{"line":75,"column":28},"end":{"line":75,"column":36}},"41":{"start":{"line":77,"column":17},"end":{"line":77,"column":34}},"42":{"start":{"line":78,"column":18},"end":{"line":78,"column":21}},"43":{"start":{"line":80,"column":4},"end":{"line":89,"column":5}},"44":{"start":{"line":80,"column":25},"end":{"line":80,"column":34}},"45":{"start":{"line":81,"column":27},"end":{"line":81,"column":53}},"46":{"start":{"line":82,"column":6},"end":{"line":82,"column":57}},"47":{"start":{"line":82,"column":49},"end":{"line":82,"column":57}},"48":{"start":{"line":84,"column":24},"end":{"line":84,"column":65}},"49":{"start":{"line":85,"column":6},"end":{"line":87,"column":7}},"50":{"start":{"line":86,"column":8},"end":{"line":86,"column":null}},"51":{"start":{"line":88,"column":6},"end":{"line":88,"column":11}},"52":{"start":{"line":91,"column":23},"end":{"line":91,"column":55}},"53":{"start":{"line":92,"column":21},"end":{"line":92,"column":44}},"54":{"start":{"line":94,"column":4},"end":{"line":98,"column":5}},"55":{"start":{"line":95,"column":6},"end":{"line":95,"column":null}},"56":{"start":{"line":97,"column":6},"end":{"line":97,"column":null}},"57":{"start":{"line":101,"column":2},"end":{"line":105,"column":null}},"58":{"start":{"line":101,"column":67},"end":{"line":105,"column":4}},"59":{"start":{"line":111,"column":20},"end":{"line":111,"column":21}},"60":{"start":{"line":112,"column":35},"end":{"line":112,"column":39}},"61":{"start":{"line":114,"column":2},"end":{"line":123,"column":3}},"62":{"start":{"line":115,"column":20},"end":{"line":115,"column":55}},"63":{"start":{"line":116,"column":4},"end":{"line":116,"column":22}},"64":{"start":{"line":116,"column":14},"end":{"line":116,"column":22}},"65":{"start":{"line":118,"column":21},"end":{"line":118,"column":39}},"66":{"start":{"line":119,"column":4},"end":{"line":122,"column":5}},"67":{"start":{"line":120,"column":6},"end":{"line":120,"column":null}},"68":{"start":{"line":121,"column":6},"end":{"line":121,"column":null}},"69":{"start":{"line":125,"column":2},"end":{"line":125,"column":null}},"70":{"start":{"line":131,"column":26},"end":{"line":131,"column":64}},"71":{"start":{"line":132,"column":2},"end":{"line":132,"column":null}},"72":{"start":{"line":138,"column":2},"end":{"line":146,"column":3}},"73":{"start":{"line":139,"column":4},"end":{"line":145,"column":null}},"74":{"start":{"line":148,"column":16},"end":{"line":148,"column":49}},"75":{"start":{"line":149,"column":22},"end":{"line":154,"column":null}},"76":{"start":{"line":151,"column":6},"end":{"line":151,"column":null}},"77":{"start":{"line":151,"column":60},"end":{"line":151,"column":null}},"78":{"start":{"line":152,"column":6},"end":{"line":152,"column":null}},"79":{"start":{"line":157,"column":2},"end":{"line":168,"column":null}},"80":{"start":{"line":172,"column":21},"end":{"line":172,"column":49}},"81":{"start":{"line":173,"column":16},"end":{"line":173,"column":51}},"82":{"start":{"line":174,"column":2},"end":{"line":174,"column":null}},"83":{"start":{"line":174,"column":14},"end":{"line":174,"column":null}},"84":{"start":{"line":176,"column":16},"end":{"line":176,"column":32}},"85":{"start":{"line":177,"column":2},"end":{"line":177,"column":null}},"86":{"start":{"line":177,"column":27},"end":{"line":177,"column":null}},"87":{"start":{"line":179,"column":2},"end":{"line":179,"column":null}},"88":{"start":{"line":179,"column":30},"end":{"line":179,"column":null}},"89":{"start":{"line":180,"column":2},"end":{"line":180,"column":null}},"90":{"start":{"line":180,"column":30},"end":{"line":180,"column":null}},"91":{"start":{"line":182,"column":2},"end":{"line":182,"column":null}},"92":{"start":{"line":186,"column":2},"end":{"line":190,"column":null}},"93":{"start":{"line":187,"column":20},"end":{"line":187,"column":55}},"94":{"start":{"line":188,"column":4},"end":{"line":188,"column":null}},"95":{"start":{"line":188,"column":14},"end":{"line":188,"column":null}},"96":{"start":{"line":189,"column":4},"end":{"line":189,"column":null}},"97":{"start":{"line":197,"column":32},"end":{"line":197,"column":67}},"98":{"start":{"line":199,"column":2},"end":{"line":199,"column":null}},"99":{"start":{"line":199,"column":31},"end":{"line":199,"column":null}},"100":{"start":{"line":200,"column":2},"end":{"line":200,"column":null}},"101":{"start":{"line":200,"column":40},"end":{"line":200,"column":null}},"102":{"start":{"line":202,"column":2},"end":{"line":206,"column":3}},"103":{"start":{"line":203,"column":21},"end":{"line":203,"column":39}},"104":{"start":{"line":204,"column":19},"end":{"line":204,"column":52}},"105":{"start":{"line":205,"column":4},"end":{"line":205,"column":null}},"106":{"start":{"line":205,"column":45},"end":{"line":205,"column":null}},"107":{"start":{"line":208,"column":2},"end":{"line":208,"column":null}},"108":{"start":{"line":212,"column":2},"end":{"line":212,"column":null}},"109":{"start":{"line":212,"column":13},"end":{"line":212,"column":null}},"110":{"start":{"line":214,"column":17},"end":{"line":214,"column":31}},"111":{"start":{"line":215,"column":2},"end":{"line":215,"column":null}},"112":{"start":{"line":215,"column":38},"end":{"line":215,"column":null}},"113":{"start":{"line":217,"column":2},"end":{"line":221,"column":null}},"114":{"start":{"line":225,"column":2},"end":{"line":225,"column":null}},"115":{"start":{"line":225,"column":13},"end":{"line":225,"column":null}},"116":{"start":{"line":227,"column":17},"end":{"line":227,"column":31}},"117":{"start":{"line":228,"column":2},"end":{"line":228,"column":null}},"118":{"start":{"line":228,"column":38},"end":{"line":228,"column":null}},"119":{"start":{"line":230,"column":15},"end":{"line":230,"column":35}},"120":{"start":{"line":231,"column":22},"end":{"line":231,"column":62}},"121":{"start":{"line":232,"column":2},"end":{"line":232,"column":null}},"122":{"start":{"line":238,"column":2},"end":{"line":240,"column":3}},"123":{"start":{"line":239,"column":4},"end":{"line":239,"column":null}},"124":{"start":{"line":242,"column":21},"end":{"line":242,"column":32}},"125":{"start":{"line":244,"column":2},"end":{"line":246,"column":3}},"126":{"start":{"line":245,"column":4},"end":{"line":245,"column":null}},"127":{"start":{"line":248,"column":2},"end":{"line":250,"column":3}},"128":{"start":{"line":249,"column":4},"end":{"line":249,"column":null}},"129":{"start":{"line":252,"column":2},"end":{"line":254,"column":3}},"130":{"start":{"line":253,"column":4},"end":{"line":253,"column":null}},"131":{"start":{"line":256,"column":2},"end":{"line":258,"column":3}},"132":{"start":{"line":257,"column":4},"end":{"line":257,"column":null}},"133":{"start":{"line":260,"column":2},"end":{"line":260,"column":null}},"134":{"start":{"line":267,"column":20},"end":{"line":267,"column":44}},"135":{"start":{"line":269,"column":2},"end":{"line":277,"column":null}},"136":{"start":{"line":270,"column":18},"end":{"line":270,"column":66}},"137":{"start":{"line":271,"column":18},"end":{"line":271,"column":66}},"138":{"start":{"line":273,"column":4},"end":{"line":273,"column":null}},"139":{"start":{"line":273,"column":52},"end":{"line":273,"column":null}},"140":{"start":{"line":274,"column":4},"end":{"line":274,"column":null}},"141":{"start":{"line":274,"column":29},"end":{"line":274,"column":null}},"142":{"start":{"line":275,"column":4},"end":{"line":275,"column":null}},"143":{"start":{"line":275,"column":29},"end":{"line":275,"column":null}},"144":{"start":{"line":276,"column":4},"end":{"line":276,"column":null}}},"fnMap":{"0":{"name":"parseTransferTimestamp","decl":{"start":{"line":22,"column":9},"end":{"line":22,"column":31}},"loc":{"start":{"line":22,"column":51},"end":{"line":29,"column":1}}},"1":{"name":"formatStayDuration","decl":{"start":{"line":31,"column":16},"end":{"line":31,"column":34}},"loc":{"start":{"line":31,"column":53},"end":{"line":52,"column":1}}},"2":{"name":"collectUniqueClubIds","decl":{"start":{"line":54,"column":9},"end":{"line":54,"column":29}},"loc":{"start":{"line":54,"column":57},"end":{"line":63,"column":1}}},"3":{"name":"buildClubStayDurations","decl":{"start":{"line":65,"column":9},"end":{"line":65,"column":31}},"loc":{"start":{"line":66,"column":29},"end":{"line":106,"column":1}}},"4":{"name":"(anonymous_4)","decl":{"start":{"line":101,"column":46},"end":{"line":101,"column":47}},"loc":{"start":{"line":101,"column":67},"end":{"line":105,"column":4}}},"5":{"name":"getMostExpensiveTransferFee","decl":{"start":{"line":108,"column":9},"end":{"line":108,"column":36}},"loc":{"start":{"line":109,"column":29},"end":{"line":126,"column":1}}},"6":{"name":"getCurrentClub","decl":{"start":{"line":128,"column":9},"end":{"line":128,"column":23}},"loc":{"start":{"line":129,"column":29},"end":{"line":133,"column":1}}},"7":{"name":"buildCareerSummaryFromTransfers","decl":{"start":{"line":135,"column":16},"end":{"line":135,"column":47}},"loc":{"start":{"line":136,"column":29},"end":{"line":169,"column":1}}},"8":{"name":"(anonymous_8)","decl":{"start":{"line":150,"column":4},"end":{"line":150,"column":5}},"loc":{"start":{"line":150,"column":22},"end":{"line":153,"column":5}}},"9":{"name":"parseFeeValue","decl":{"start":{"line":171,"column":16},"end":{"line":171,"column":29}},"loc":{"start":{"line":171,"column":41},"end":{"line":183,"column":1}}},"10":{"name":"getMaxTransferFeeValue","decl":{"start":{"line":185,"column":16},"end":{"line":185,"column":38}},"loc":{"start":{"line":185,"column":66},"end":{"line":191,"column":1}}},"11":{"name":"(anonymous_11)","decl":{"start":{"line":186,"column":26},"end":{"line":186,"column":27}},"loc":{"start":{"line":186,"column":44},"end":{"line":190,"column":3}}},"12":{"name":"getTransferHighlight","decl":{"start":{"line":193,"column":16},"end":{"line":193,"column":36}},"loc":{"start":{"line":195,"column":29},"end":{"line":209,"column":1}}},"13":{"name":"formatTransferDate","decl":{"start":{"line":211,"column":16},"end":{"line":211,"column":34}},"loc":{"start":{"line":211,"column":54},"end":{"line":222,"column":1}}},"14":{"name":"getTransferSeasonLabel","decl":{"start":{"line":224,"column":16},"end":{"line":224,"column":38}},"loc":{"start":{"line":224,"column":58},"end":{"line":233,"column":1}}},"15":{"name":"parseTransferDetails","decl":{"start":{"line":235,"column":16},"end":{"line":235,"column":36}},"loc":{"start":{"line":236,"column":21},"end":{"line":261,"column":1}}},"16":{"name":"sortTransfersByDate","decl":{"start":{"line":263,"column":16},"end":{"line":263,"column":35}},"loc":{"start":{"line":265,"column":32},"end":{"line":278,"column":1}}},"17":{"name":"(anonymous_17)","decl":{"start":{"line":269,"column":29},"end":{"line":269,"column":30}},"loc":{"start":{"line":269,"column":38},"end":{"line":277,"column":3}}}},"branchMap":{"0":{"loc":{"start":{"line":23,"column":2},"end":{"line":23,"column":null}},"type":"if","locations":[{"start":{"line":23,"column":2},"end":{"line":23,"column":null}},{"start":{},"end":{}}]},"1":{"loc":{"start":{"line":26,"column":2},"end":{"line":26,"column":null}},"type":"if","locations":[{"start":{"line":26,"column":2},"end":{"line":26,"column":null}},{"start":{},"end":{}}]},"2":{"loc":{"start":{"line":34,"column":2},"end":{"line":36,"column":3}},"type":"if","locations":[{"start":{"line":34,"column":2},"end":{"line":36,"column":3}},{"start":{},"end":{}}]},"3":{"loc":{"start":{"line":35,"column":25},"end":{"line":35,"column":46}},"type":"cond-expr","locations":[{"start":{"line":35,"column":38},"end":{"line":35,"column":40}},{"start":{"line":35,"column":43},"end":{"line":35,"column":46}}]},"4":{"loc":{"start":{"line":40,"column":2},"end":{"line":42,"column":3}},"type":"if","locations":[{"start":{"line":40,"column":2},"end":{"line":42,"column":3}},{"start":{},"end":{}}]},"5":{"loc":{"start":{"line":47,"column":2},"end":{"line":49,"column":3}},"type":"if","locations":[{"start":{"line":47,"column":2},"end":{"line":49,"column":3}},{"start":{},"end":{}}]},"6":{"loc":{"start":{"line":48,"column":25},"end":{"line":48,"column":47}},"type":"cond-expr","locations":[{"start":{"line":48,"column":39},"end":{"line":48,"column":41}},{"start":{"line":48,"column":44},"end":{"line":48,"column":47}}]},"7":{"loc":{"start":{"line":51,"column":23},"end":{"line":51,"column":45}},"type":"cond-expr","locations":[{"start":{"line":51,"column":37},"end":{"line":51,"column":39}},{"start":{"line":51,"column":42},"end":{"line":51,"column":45}}]},"8":{"loc":{"start":{"line":75,"column":4},"end":{"line":75,"column":36}},"type":"if","locations":[{"start":{"line":75,"column":4},"end":{"line":75,"column":36}},{"start":{},"end":{}}]},"9":{"loc":{"start":{"line":82,"column":6},"end":{"line":82,"column":57}},"type":"if","locations":[{"start":{"line":82,"column":6},"end":{"line":82,"column":57}},{"start":{},"end":{}}]},"10":{"loc":{"start":{"line":85,"column":6},"end":{"line":87,"column":7}},"type":"if","locations":[{"start":{"line":85,"column":6},"end":{"line":87,"column":7}},{"start":{},"end":{}}]},"11":{"loc":{"start":{"line":94,"column":4},"end":{"line":98,"column":5}},"type":"if","locations":[{"start":{"line":94,"column":4},"end":{"line":98,"column":5}},{"start":{"line":96,"column":11},"end":{"line":98,"column":5}}]},"12":{"loc":{"start":{"line":116,"column":4},"end":{"line":116,"column":22}},"type":"if","locations":[{"start":{"line":116,"column":4},"end":{"line":116,"column":22}},{"start":{},"end":{}}]},"13":{"loc":{"start":{"line":119,"column":4},"end":{"line":122,"column":5}},"type":"if","locations":[{"start":{"line":119,"column":4},"end":{"line":122,"column":5}},{"start":{},"end":{}}]},"14":{"loc":{"start":{"line":132,"column":9},"end":{"line":132,"column":45}},"type":"binary-expr","locations":[{"start":{"line":132,"column":9},"end":{"line":132,"column":37}},{"start":{"line":132,"column":41},"end":{"line":132,"column":45}}]},"15":{"loc":{"start":{"line":138,"column":2},"end":{"line":146,"column":3}},"type":"if","locations":[{"start":{"line":138,"column":2},"end":{"line":146,"column":3}},{"start":{},"end":{}}]},"16":{"loc":{"start":{"line":151,"column":6},"end":{"line":151,"column":null}},"type":"if","locations":[{"start":{"line":151,"column":6},"end":{"line":151,"column":null}},{"start":{},"end":{}}]},"17":{"loc":{"start":{"line":151,"column":10},"end":{"line":151,"column":58}},"type":"binary-expr","locations":[{"start":{"line":151,"column":10},"end":{"line":151,"column":18}},{"start":{"line":151,"column":22},"end":{"line":151,"column":58}}]},"18":{"loc":{"start":{"line":161,"column":21},"end":{"line":166,"column":12}},"type":"cond-expr","locations":[{"start":{"line":162,"column":8},"end":{"line":165,"column":null}},{"start":{"line":166,"column":8},"end":{"line":166,"column":12}}]},"19":{"loc":{"start":{"line":174,"column":2},"end":{"line":174,"column":null}},"type":"if","locations":[{"start":{"line":174,"column":2},"end":{"line":174,"column":null}},{"start":{},"end":{}}]},"20":{"loc":{"start":{"line":177,"column":2},"end":{"line":177,"column":null}},"type":"if","locations":[{"start":{"line":177,"column":2},"end":{"line":177,"column":null}},{"start":{},"end":{}}]},"21":{"loc":{"start":{"line":179,"column":2},"end":{"line":179,"column":null}},"type":"if","locations":[{"start":{"line":179,"column":2},"end":{"line":179,"column":null}},{"start":{},"end":{}}]},"22":{"loc":{"start":{"line":180,"column":2},"end":{"line":180,"column":null}},"type":"if","locations":[{"start":{"line":180,"column":2},"end":{"line":180,"column":null}},{"start":{},"end":{}}]},"23":{"loc":{"start":{"line":188,"column":4},"end":{"line":188,"column":null}},"type":"if","locations":[{"start":{"line":188,"column":4},"end":{"line":188,"column":null}},{"start":{},"end":{}}]},"24":{"loc":{"start":{"line":199,"column":2},"end":{"line":199,"column":null}},"type":"if","locations":[{"start":{"line":199,"column":2},"end":{"line":199,"column":null}},{"start":{},"end":{}}]},"25":{"loc":{"start":{"line":200,"column":2},"end":{"line":200,"column":null}},"type":"if","locations":[{"start":{"line":200,"column":2},"end":{"line":200,"column":null}},{"start":{},"end":{}}]},"26":{"loc":{"start":{"line":202,"column":2},"end":{"line":206,"column":3}},"type":"if","locations":[{"start":{"line":202,"column":2},"end":{"line":206,"column":3}},{"start":{},"end":{}}]},"27":{"loc":{"start":{"line":205,"column":4},"end":{"line":205,"column":null}},"type":"if","locations":[{"start":{"line":205,"column":4},"end":{"line":205,"column":null}},{"start":{},"end":{}}]},"28":{"loc":{"start":{"line":205,"column":8},"end":{"line":205,"column":43}},"type":"binary-expr","locations":[{"start":{"line":205,"column":8},"end":{"line":205,"column":20}},{"start":{"line":205,"column":24},"end":{"line":205,"column":43}}]},"29":{"loc":{"start":{"line":212,"column":2},"end":{"line":212,"column":null}},"type":"if","locations":[{"start":{"line":212,"column":2},"end":{"line":212,"column":null}},{"start":{},"end":{}}]},"30":{"loc":{"start":{"line":215,"column":2},"end":{"line":215,"column":null}},"type":"if","locations":[{"start":{"line":215,"column":2},"end":{"line":215,"column":null}},{"start":{},"end":{}}]},"31":{"loc":{"start":{"line":225,"column":2},"end":{"line":225,"column":null}},"type":"if","locations":[{"start":{"line":225,"column":2},"end":{"line":225,"column":null}},{"start":{},"end":{}}]},"32":{"loc":{"start":{"line":228,"column":2},"end":{"line":228,"column":null}},"type":"if","locations":[{"start":{"line":228,"column":2},"end":{"line":228,"column":null}},{"start":{},"end":{}}]},"33":{"loc":{"start":{"line":231,"column":22},"end":{"line":231,"column":62}},"type":"cond-expr","locations":[{"start":{"line":231,"column":47},"end":{"line":231,"column":51}},{"start":{"line":231,"column":54},"end":{"line":231,"column":62}}]},"34":{"loc":{"start":{"line":238,"column":2},"end":{"line":240,"column":3}},"type":"if","locations":[{"start":{"line":238,"column":2},"end":{"line":240,"column":3}},{"start":{},"end":{}}]},"35":{"loc":{"start":{"line":238,"column":6},"end":{"line":238,"column":64}},"type":"binary-expr","locations":[{"start":{"line":238,"column":6},"end":{"line":238,"column":11}},{"start":{"line":238,"column":15},"end":{"line":238,"column":33}},{"start":{"line":238,"column":37},"end":{"line":238,"column":64}}]},"36":{"loc":{"start":{"line":244,"column":2},"end":{"line":246,"column":3}},"type":"if","locations":[{"start":{"line":244,"column":2},"end":{"line":246,"column":3}},{"start":{},"end":{}}]},"37":{"loc":{"start":{"line":248,"column":2},"end":{"line":250,"column":3}},"type":"if","locations":[{"start":{"line":248,"column":2},"end":{"line":250,"column":3}},{"start":{},"end":{}}]},"38":{"loc":{"start":{"line":252,"column":2},"end":{"line":254,"column":3}},"type":"if","locations":[{"start":{"line":252,"column":2},"end":{"line":254,"column":3}},{"start":{},"end":{}}]},"39":{"loc":{"start":{"line":256,"column":2},"end":{"line":258,"column":3}},"type":"if","locations":[{"start":{"line":256,"column":2},"end":{"line":258,"column":3}},{"start":{},"end":{}}]},"40":{"loc":{"start":{"line":265,"column":2},"end":{"line":265,"column":32}},"type":"default-arg","locations":[{"start":{"line":265,"column":26},"end":{"line":265,"column":32}}]},"41":{"loc":{"start":{"line":267,"column":20},"end":{"line":267,"column":44}},"type":"cond-expr","locations":[{"start":{"line":267,"column":38},"end":{"line":267,"column":39}},{"start":{"line":267,"column":42},"end":{"line":267,"column":44}}]},"42":{"loc":{"start":{"line":270,"column":18},"end":{"line":270,"column":66}},"type":"cond-expr","locations":[{"start":{"line":270,"column":27},"end":{"line":270,"column":53}},{"start":{"line":270,"column":56},"end":{"line":270,"column":66}}]},"43":{"loc":{"start":{"line":271,"column":18},"end":{"line":271,"column":66}},"type":"cond-expr","locations":[{"start":{"line":271,"column":27},"end":{"line":271,"column":53}},{"start":{"line":271,"column":56},"end":{"line":271,"column":66}}]},"44":{"loc":{"start":{"line":273,"column":4},"end":{"line":273,"column":null}},"type":"if","locations":[{"start":{"line":273,"column":4},"end":{"line":273,"column":null}},{"start":{},"end":{}}]},"45":{"loc":{"start":{"line":273,"column":8},"end":{"line":273,"column":50}},"type":"binary-expr","locations":[{"start":{"line":273,"column":8},"end":{"line":273,"column":27}},{"start":{"line":273,"column":31},"end":{"line":273,"column":50}}]},"46":{"loc":{"start":{"line":274,"column":4},"end":{"line":274,"column":null}},"type":"if","locations":[{"start":{"line":274,"column":4},"end":{"line":274,"column":null}},{"start":{},"end":{}}]},"47":{"loc":{"start":{"line":275,"column":4},"end":{"line":275,"column":null}},"type":"if","locations":[{"start":{"line":275,"column":4},"end":{"line":275,"column":null}},{"start":{},"end":{}}]}},"s":{"0":1,"1":1,"2":1,"3":1,"4":1,"5":1,"6":1,"7":1,"8":1,"9":1,"10":4,"11":0,"12":4,"13":4,"14":0,"15":4,"16":6,"17":6,"18":2,"19":4,"20":4,"21":1,"22":3,"23":3,"24":3,"25":0,"26":3,"27":1,"28":1,"29":3,"30":3,"31":1,"32":1,"33":1,"34":1,"35":1,"36":1,"37":3,"38":3,"39":3,"40":0,"41":3,"42":3,"43":3,"44":3,"45":3,"46":3,"47":2,"48":1,"49":1,"50":1,"51":1,"52":3,"53":3,"54":3,"55":0,"56":3,"57":1,"58":3,"59":1,"60":1,"61":1,"62":3,"63":3,"64":2,"65":1,"66":1,"67":1,"68":1,"69":1,"70":1,"71":1,"72":2,"73":1,"74":1,"75":1,"76":3,"77":2,"78":1,"79":1,"80":16,"81":16,"82":16,"83":3,"84":13,"85":13,"86":1,"87":12,"88":8,"89":4,"90":1,"91":3,"92":6,"93":12,"94":12,"95":8,"96":4,"97":6,"98":6,"99":1,"100":5,"101":1,"102":4,"103":3,"104":3,"105":3,"106":1,"107":3,"108":4,"109":2,"110":2,"111":2,"112":1,"113":1,"114":5,"115":2,"116":3,"117":3,"118":1,"119":2,"120":2,"121":2,"122":37,"123":5,"124":32,"125":32,"126":8,"127":24,"128":8,"129":16,"130":3,"131":13,"132":12,"133":1,"134":5,"135":5,"136":21,"137":21,"138":21,"139":3,"140":18,"141":1,"142":17,"143":1,"144":16},"f":{"0":4,"1":6,"2":1,"3":1,"4":3,"5":1,"6":1,"7":2,"8":3,"9":16,"10":6,"11":12,"12":6,"13":4,"14":5,"15":37,"16":5,"17":21},"b":{"0":[0,4],"1":[0,4],"2":[2,4],"3":[1,1],"4":[1,3],"5":[0,3],"6":[0,0],"7":[2,1],"8":[0,3],"9":[2,1],"10":[1,0],"11":[0,3],"12":[2,1],"13":[1,0],"14":[1,0],"15":[1,1],"16":[2,1],"17":[3,2],"18":[1,0],"19":[3,13],"20":[1,12],"21":[8,4],"22":[1,3],"23":[8,4],"24":[1,5],"25":[1,4],"26":[3,1],"27":[1,2],"28":[3,2],"29":[2,2],"30":[1,1],"31":[2,3],"32":[1,2],"33":[1,1],"34":[5,32],"35":[37,35,34],"36":[8,24],"37":[8,16],"38":[3,13],"39":[12,1],"40":[2],"41":[2,3],"42":[19,2],"43":[18,3],"44":[3,18],"45":[21,4],"46":[1,17],"47":[1,16]}}
}
