{"C:\\Users\\ahmad\\OneDrive\\Desktop\\football-player-dashboard\\src\\utils\\transfer.ts": {"path":"C:\\Users\\ahmad\\OneDrive\\Desktop\\football-player-dashboard\\src\\utils\\transfer.ts","statementMap":{"0":{"start":{"line":9,"column":0},"end":{"line":9,"column":16}},"1":{"start":{"line":22,"column":0},"end":{"line":22,"column":16}},"2":{"start":{"line":33,"column":0},"end":{"line":33,"column":16}},"3":{"start":{"line":61,"column":0},"end":{"line":61,"column":16}},"4":{"start":{"line":1,"column":0},"end":{"line":1,"column":53}},"5":{"start":{"line":10,"column":2},"end":{"line":10,"column":null}},"6":{"start":{"line":10,"column":13},"end":{"line":10,"column":null}},"7":{"start":{"line":12,"column":17},"end":{"line":12,"column":31}},"8":{"start":{"line":13,"column":2},"end":{"line":13,"column":null}},"9":{"start":{"line":13,"column":38},"end":{"line":13,"column":null}},"10":{"start":{"line":15,"column":2},"end":{"line":19,"column":null}},"11":{"start":{"line":23,"column":2},"end":{"line":23,"column":null}},"12":{"start":{"line":23,"column":13},"end":{"line":23,"column":null}},"13":{"start":{"line":25,"column":17},"end":{"line":25,"column":31}},"14":{"start":{"line":26,"column":2},"end":{"line":26,"column":null}},"15":{"start":{"line":26,"column":38},"end":{"line":26,"column":null}},"16":{"start":{"line":28,"column":15},"end":{"line":28,"column":35}},"17":{"start":{"line":29,"column":22},"end":{"line":29,"column":62}},"18":{"start":{"line":30,"column":2},"end":{"line":30,"column":null}},"19":{"start":{"line":36,"column":2},"end":{"line":38,"column":3}},"20":{"start":{"line":37,"column":4},"end":{"line":37,"column":null}},"21":{"start":{"line":40,"column":21},"end":{"line":40,"column":32}},"22":{"start":{"line":42,"column":2},"end":{"line":44,"column":3}},"23":{"start":{"line":43,"column":4},"end":{"line":43,"column":null}},"24":{"start":{"line":46,"column":2},"end":{"line":48,"column":3}},"25":{"start":{"line":47,"column":4},"end":{"line":47,"column":null}},"26":{"start":{"line":50,"column":2},"end":{"line":52,"column":3}},"27":{"start":{"line":51,"column":4},"end":{"line":51,"column":null}},"28":{"start":{"line":54,"column":2},"end":{"line":56,"column":3}},"29":{"start":{"line":55,"column":4},"end":{"line":55,"column":null}},"30":{"start":{"line":58,"column":2},"end":{"line":58,"column":null}},"31":{"start":{"line":64,"column":2},"end":{"line":72,"column":null}},"32":{"start":{"line":65,"column":18},"end":{"line":65,"column":66}},"33":{"start":{"line":66,"column":18},"end":{"line":66,"column":66}},"34":{"start":{"line":68,"column":4},"end":{"line":68,"column":null}},"35":{"start":{"line":68,"column":52},"end":{"line":68,"column":null}},"36":{"start":{"line":69,"column":4},"end":{"line":69,"column":null}},"37":{"start":{"line":69,"column":29},"end":{"line":69,"column":null}},"38":{"start":{"line":70,"column":4},"end":{"line":70,"column":null}},"39":{"start":{"line":70,"column":29},"end":{"line":70,"column":null}},"40":{"start":{"line":71,"column":4},"end":{"line":71,"column":null}}},"fnMap":{"0":{"name":"formatTransferDate","decl":{"start":{"line":9,"column":16},"end":{"line":9,"column":34}},"loc":{"start":{"line":9,"column":54},"end":{"line":20,"column":1}}},"1":{"name":"getTransferSeasonLabel","decl":{"start":{"line":22,"column":16},"end":{"line":22,"column":38}},"loc":{"start":{"line":22,"column":58},"end":{"line":31,"column":1}}},"2":{"name":"parseTransferDetails","decl":{"start":{"line":33,"column":16},"end":{"line":33,"column":36}},"loc":{"start":{"line":34,"column":21},"end":{"line":59,"column":1}}},"3":{"name":"sortTransfersByDate","decl":{"start":{"line":61,"column":16},"end":{"line":61,"column":35}},"loc":{"start":{"line":62,"column":29},"end":{"line":73,"column":1}}},"4":{"name":"(anonymous_4)","decl":{"start":{"line":64,"column":29},"end":{"line":64,"column":30}},"loc":{"start":{"line":64,"column":38},"end":{"line":72,"column":3}}}},"branchMap":{"0":{"loc":{"start":{"line":10,"column":2},"end":{"line":10,"column":null}},"type":"if","locations":[{"start":{"line":10,"column":2},"end":{"line":10,"column":null}},{"start":{},"end":{}}]},"1":{"loc":{"start":{"line":13,"column":2},"end":{"line":13,"column":null}},"type":"if","locations":[{"start":{"line":13,"column":2},"end":{"line":13,"column":null}},{"start":{},"end":{}}]},"2":{"loc":{"start":{"line":23,"column":2},"end":{"line":23,"column":null}},"type":"if","locations":[{"start":{"line":23,"column":2},"end":{"line":23,"column":null}},{"start":{},"end":{}}]},"3":{"loc":{"start":{"line":26,"column":2},"end":{"line":26,"column":null}},"type":"if","locations":[{"start":{"line":26,"column":2},"end":{"line":26,"column":null}},{"start":{},"end":{}}]},"4":{"loc":{"start":{"line":29,"column":22},"end":{"line":29,"column":62}},"type":"cond-expr","locations":[{"start":{"line":29,"column":47},"end":{"line":29,"column":51}},{"start":{"line":29,"column":54},"end":{"line":29,"column":62}}]},"5":{"loc":{"start":{"line":36,"column":2},"end":{"line":38,"column":3}},"type":"if","locations":[{"start":{"line":36,"column":2},"end":{"line":38,"column":3}},{"start":{},"end":{}}]},"6":{"loc":{"start":{"line":36,"column":6},"end":{"line":36,"column":64}},"type":"binary-expr","locations":[{"start":{"line":36,"column":6},"end":{"line":36,"column":11}},{"start":{"line":36,"column":15},"end":{"line":36,"column":33}},{"start":{"line":36,"column":37},"end":{"line":36,"column":64}}]},"7":{"loc":{"start":{"line":42,"column":2},"end":{"line":44,"column":3}},"type":"if","locations":[{"start":{"line":42,"column":2},"end":{"line":44,"column":3}},{"start":{},"end":{}}]},"8":{"loc":{"start":{"line":46,"column":2},"end":{"line":48,"column":3}},"type":"if","locations":[{"start":{"line":46,"column":2},"end":{"line":48,"column":3}},{"start":{},"end":{}}]},"9":{"loc":{"start":{"line":50,"column":2},"end":{"line":52,"column":3}},"type":"if","locations":[{"start":{"line":50,"column":2},"end":{"line":52,"column":3}},{"start":{},"end":{}}]},"10":{"loc":{"start":{"line":54,"column":2},"end":{"line":56,"column":3}},"type":"if","locations":[{"start":{"line":54,"column":2},"end":{"line":56,"column":3}},{"start":{},"end":{}}]},"11":{"loc":{"start":{"line":65,"column":18},"end":{"line":65,"column":66}},"type":"cond-expr","locations":[{"start":{"line":65,"column":27},"end":{"line":65,"column":53}},{"start":{"line":65,"column":56},"end":{"line":65,"column":66}}]},"12":{"loc":{"start":{"line":66,"column":18},"end":{"line":66,"column":66}},"type":"cond-expr","locations":[{"start":{"line":66,"column":27},"end":{"line":66,"column":53}},{"start":{"line":66,"column":56},"end":{"line":66,"column":66}}]},"13":{"loc":{"start":{"line":68,"column":4},"end":{"line":68,"column":null}},"type":"if","locations":[{"start":{"line":68,"column":4},"end":{"line":68,"column":null}},{"start":{},"end":{}}]},"14":{"loc":{"start":{"line":68,"column":8},"end":{"line":68,"column":50}},"type":"binary-expr","locations":[{"start":{"line":68,"column":8},"end":{"line":68,"column":27}},{"start":{"line":68,"column":31},"end":{"line":68,"column":50}}]},"15":{"loc":{"start":{"line":69,"column":4},"end":{"line":69,"column":null}},"type":"if","locations":[{"start":{"line":69,"column":4},"end":{"line":69,"column":null}},{"start":{},"end":{}}]},"16":{"loc":{"start":{"line":70,"column":4},"end":{"line":70,"column":null}},"type":"if","locations":[{"start":{"line":70,"column":4},"end":{"line":70,"column":null}},{"start":{},"end":{}}]}},"s":{"0":1,"1":1,"2":1,"3":1,"4":1,"5":3,"6":1,"7":2,"8":2,"9":1,"10":1,"11":3,"12":1,"13":2,"14":2,"15":0,"16":2,"17":2,"18":2,"19":6,"20":2,"21":4,"22":4,"23":1,"24":3,"25":1,"26":2,"27":1,"28":1,"29":1,"30":0,"31":1,"32":4,"33":4,"34":4,"35":0,"36":4,"37":0,"38":4,"39":0,"40":4},"f":{"0":3,"1":3,"2":6,"3":1,"4":4},"b":{"0":[1,2],"1":[1,1],"2":[1,2],"3":[0,2],"4":[1,1],"5":[2,4],"6":[6,5,5],"7":[1,3],"8":[1,2],"9":[1,1],"10":[1,0],"11":[4,0],"12":[4,0],"13":[0,4],"14":[4,0],"15":[0,4],"16":[0,4]}}
}
