{"C:\\Users\\ahmad\\OneDrive\\Desktop\\football-player-dashboard\\src\\components\\player-detail\\CareerSummary.tsx": {"path":"C:\\Users\\ahmad\\OneDrive\\Desktop\\football-player-dashboard\\src\\components\\player-detail\\CareerSummary.tsx","statementMap":{"0":{"start":{"line":116,"column":0},"end":{"line":116,"column":16}},"1":{"start":{"line":1,"column":0},"end":{"line":1,"column":31}},"2":{"start":{"line":2,"column":0},"end":{"line":2,"column":null}},"3":{"start":{"line":10,"column":0},"end":{"line":10,"column":79}},"4":{"start":{"line":11,"column":0},"end":{"line":11,"column":79}},"5":{"start":{"line":12,"column":0},"end":{"line":12,"column":54}},"6":{"start":{"line":14,"column":0},"end":{"line":14,"column":66}},"7":{"start":{"line":25,"column":19},"end":{"line":31,"column":null}},"8":{"start":{"line":40,"column":2},"end":{"line":46,"column":3}},"9":{"start":{"line":41,"column":4},"end":{"line":45,"column":null}},"10":{"start":{"line":48,"column":2},"end":{"line":54,"column":3}},"11":{"start":{"line":49,"column":4},"end":{"line":53,"column":null}},"12":{"start":{"line":56,"column":2},"end":{"line":84,"column":3}},"13":{"start":{"line":57,"column":4},"end":{"line":59,"column":5}},"14":{"start":{"line":58,"column":6},"end":{"line":58,"column":null}},"15":{"start":{"line":61,"column":4},"end":{"line":83,"column":null}},"16":{"start":{"line":86,"column":2},"end":{"line":101,"column":3}},"17":{"start":{"line":87,"column":4},"end":{"line":89,"column":5}},"18":{"start":{"line":88,"column":6},"end":{"line":88,"column":null}},"19":{"start":{"line":91,"column":4},"end":{"line":100,"column":null}},"20":{"start":{"line":103,"column":2},"end":{"line":107,"column":3}},"21":{"start":{"line":104,"column":4},"end":{"line":106,"column":null}},"22":{"start":{"line":109,"column":2},"end":{"line":113,"column":null}},"23":{"start":{"line":124,"column":18},"end":{"line":126,"column":null}},"24":{"start":{"line":125,"column":10},"end":{"line":125,"column":52}},"25":{"start":{"line":129,"column":2},"end":{"line":131,"column":3}},"26":{"start":{"line":130,"column":4},"end":{"line":130,"column":null}},"27":{"start":{"line":133,"column":2},"end":{"line":141,"column":3}},"28":{"start":{"line":134,"column":4},"end":{"line":140,"column":null}},"29":{"start":{"line":143,"column":2},"end":{"line":151,"column":3}},"30":{"start":{"line":144,"column":4},"end":{"line":150,"column":null}},"31":{"start":{"line":153,"column":2},"end":{"line":169,"column":null}},"32":{"start":{"line":156,"column":8},"end":{"line":156,"column":null}}},"fnMap":{"0":{"name":"StatValue","decl":{"start":{"line":33,"column":9},"end":{"line":33,"column":18}},"loc":{"start":{"line":39,"column":1},"end":{"line":114,"column":1}}},"1":{"name":"CareerSummary","decl":{"start":{"line":116,"column":16},"end":{"line":116,"column":29}},"loc":{"start":{"line":123,"column":21},"end":{"line":170,"column":1}}},"2":{"name":"(anonymous_2)","decl":{"start":{"line":125,"column":4},"end":{"line":125,"column":7}},"loc":{"start":{"line":125,"column":10},"end":{"line":125,"column":52}}},"3":{"name":"(anonymous_3)","decl":{"start":{"line":155,"column":22},"end":{"line":155,"column":23}},"loc":{"start":{"line":156,"column":8},"end":{"line":156,"column":null}}}},"branchMap":{"0":{"loc":{"start":{"line":40,"column":2},"end":{"line":46,"column":3}},"type":"if","locations":[{"start":{"line":40,"column":2},"end":{"line":46,"column":3}},{"start":{},"end":{}}]},"1":{"loc":{"start":{"line":48,"column":2},"end":{"line":54,"column":3}},"type":"if","locations":[{"start":{"line":48,"column":2},"end":{"line":54,"column":3}},{"start":{},"end":{}}]},"2":{"loc":{"start":{"line":56,"column":2},"end":{"line":84,"column":3}},"type":"if","locations":[{"start":{"line":56,"column":2},"end":{"line":84,"column":3}},{"start":{},"end":{}}]},"3":{"loc":{"start":{"line":57,"column":4},"end":{"line":59,"column":5}},"type":"if","locations":[{"start":{"line":57,"column":4},"end":{"line":59,"column":5}},{"start":{},"end":{}}]},"4":{"loc":{"start":{"line":63,"column":9},"end":{"line":77,"column":null}},"type":"cond-expr","locations":[{"start":{"line":64,"column":10},"end":{"line":69,"column":null}},{"start":{"line":72,"column":10},"end":{"line":76,"column":null}}]},"5":{"loc":{"start":{"line":86,"column":2},"end":{"line":101,"column":3}},"type":"if","locations":[{"start":{"line":86,"column":2},"end":{"line":101,"column":3}},{"start":{},"end":{}}]},"6":{"loc":{"start":{"line":87,"column":4},"end":{"line":89,"column":5}},"type":"if","locations":[{"start":{"line":87,"column":4},"end":{"line":89,"column":5}},{"start":{},"end":{}}]},"7":{"loc":{"start":{"line":103,"column":2},"end":{"line":107,"column":3}},"type":"if","locations":[{"start":{"line":103,"column":2},"end":{"line":107,"column":3}},{"start":{},"end":{}}]},"8":{"loc":{"start":{"line":118,"column":2},"end":{"line":118,"column":19}},"type":"default-arg","locations":[{"start":{"line":118,"column":14},"end":{"line":118,"column":19}}]},"9":{"loc":{"start":{"line":119,"column":2},"end":{"line":119,"column":17}},"type":"default-arg","locations":[{"start":{"line":119,"column":12},"end":{"line":119,"column":17}}]},"10":{"loc":{"start":{"line":120,"column":2},"end":{"line":120,"column":21}},"type":"default-arg","locations":[{"start":{"line":120,"column":17},"end":{"line":120,"column":21}}]},"11":{"loc":{"start":{"line":122,"column":2},"end":{"line":122,"column":20}},"type":"default-arg","locations":[{"start":{"line":122,"column":15},"end":{"line":122,"column":20}}]},"12":{"loc":{"start":{"line":129,"column":2},"end":{"line":131,"column":3}},"type":"if","locations":[{"start":{"line":129,"column":2},"end":{"line":131,"column":3}},{"start":{},"end":{}}]},"13":{"loc":{"start":{"line":133,"column":2},"end":{"line":141,"column":3}},"type":"if","locations":[{"start":{"line":133,"column":2},"end":{"line":141,"column":3}},{"start":{},"end":{}}]},"14":{"loc":{"start":{"line":136,"column":17},"end":{"line":136,"column":65}},"type":"binary-expr","locations":[{"start":{"line":136,"column":17},"end":{"line":136,"column":29}},{"start":{"line":136,"column":33},"end":{"line":136,"column":65}}]},"15":{"loc":{"start":{"line":143,"column":2},"end":{"line":151,"column":3}},"type":"if","locations":[{"start":{"line":143,"column":2},"end":{"line":151,"column":3}},{"start":{},"end":{}}]}},"s":{"0":1,"1":1,"2":1,"3":1,"4":1,"5":1,"6":1,"7":1,"8":10,"9":2,"10":8,"11":2,"12":6,"13":2,"14":0,"15":2,"16":4,"17":2,"18":1,"19":1,"20":2,"21":1,"22":1,"23":6,"24":6,"25":6,"26":1,"27":5,"28":2,"29":3,"30":1,"31":2,"32":10},"f":{"0":10,"1":6,"2":6,"3":10},"b":{"0":[2,8],"1":[2,6],"2":[2,4],"3":[0,2],"4":[1,1],"5":[2,2],"6":[1,1],"7":[1,1],"8":[5],"9":[4],"10":[5],"11":[6],"12":[1,5],"13":[2,3],"14":[2,1],"15":[1,2]}}
}
